<?xml version="1.0" encoding="UTF-8"?>
<!-- Generated by org.testng.reporters.JUnitXMLReporter -->
<testsuite hostname="LAPTOP-HQ8C8PHK" ignored="0" name="Walmart App Test Cases" tests="5" failures="1" timestamp="2021-01-25T18:02:16 EST" time="96.568" errors="0">
  <testcase name="validateHomePageTitleTest" time="0.036" classname="com.walmart.qa.testcases.HomePageTest"/>
  <testcase name="validateWalmartImageTest" time="0.79" classname="com.walmart.qa.testcases.HomePageTest"/>
  <testcase name="validateShopGroceryTest" time="8.276" classname="com.walmart.qa.testcases.HomePageTest"/>
  <testcase name="validateShopGroceryTitleTest" time="0.057" classname="com.walmart.qa.testcases.ShopGroceryTest">
    <failure type="java.lang.AssertionError" message="expected [Walmart Grocery Delivery &amp;amp; Pickup: Order Groceries online | Walmart Canada] but found [Walmart Grocery Delivery &amp;amp; Pickup: Order Groceries online | Walmart Canada]">
      <![CDATA[java.lang.AssertionError: expected [Walmart Grocery Delivery &amp; Pickup: Order Groceries online | Walmart Canada] but found [Walmart Grocery Delivery & Pickup: Order Groceries online | Walmart Canada]
at com.walmart.qa.testcases.ShopGroceryTest.validateShopGroceryTitleTest(ShopGroceryTest.java:31)
at java.util.ArrayList.forEach(Unknown Source)
... Removed 33 stack frames]]>
    </failure>
  </testcase> <!-- validateShopGroceryTitleTest -->
  <testcase name="validateGroceryOptionsTest" time="1.955" classname="com.walmart.qa.testcases.ShopGroceryTest"/>
</testsuite> <!-- Walmart App Test Cases -->
